*** Using Compiler 'V6.22', folder: 'D:\KEIL\CORE\ARM\ARMCLANG\Bin'
Rebuild target 'Target 1'
compiling system_stm32f10x.c...
assembling startup_stm32f10x_hd.s...
compiling stm32f10x_dbgmcu.c...
compiling stm32f10x_dac.c...
compiling stm32f10x_dma.c...
compiling misc.c...
compiling stm32f10x_cec.c...
compiling stm32f10x_crc.c...
compiling stm32f10x_bkp.c...
compiling stm32f10x_exti.c...
compiling stm32f10x_can.c...
compiling stm32f10x_adc.c...
compiling stm32f10x_flash.c...
compiling stm32f10x_gpio.c...
compiling stm32f10x_fsmc.c...
compiling stm32f10x_i2c.c...
compiling stm32f10x_pwr.c...
compiling stm32f10x_iwdg.c...
compiling stm32f10x_rcc.c...
compiling stm32f10x_rtc.c...
compiling stm32f10x_sdio.c...
compiling stm32f10x_spi.c...
compiling stm32f10x_usart.c...
compiling stm32f10x_tim.c...
compiling stm32f10x_wwdg.c...
compiling uart1.c...
compiling MyRTC.c...
compiling uart2.c...
compiling uart3.c...
compiling uart4.c...
compiling TIM.c...
compiling W25Q64Flash.c...
compiling uart5.c...
compiling iwdog.c...
compiling stm32f10x_it.c...
compiling main.c...
compiling SEGGER_RTT_printf.c...
compiling fal.c...
compiling user_DB.c...
compiling SEGGER_RTT.c...
compiling fal_flash.c...
compiling fal_rtt.c...
compiling fal_partition.c...
compiling fal_flash_sfud_port.c...
compiling fdb.c...
compiling fdb_file.c...
compiling fdb_utils.c...
compiling fdb_kvdb.c...
compiling sfud_sfdp.c...
compiling fdb_tsdb.c...
compiling mbcrc.c...
compiling sfud.c...
compiling sfud_port.c...
compiling fal_flash_stm32f1_port.c...
compiling mbfuncother.c...
compiling mbutils.c...
compiling mb.c...
compiling mbfunccoils.c...
compiling mbfuncdisc.c...
compiling mbfuncholding.c...
compiling mbfuncinput.c...
compiling mbrtu.c...
compiling portevent.c...
compiling mbascii.c...
compiling portserial.c...
compiling porttimer.c...
compiling agile_modbus_rtu.c...
compiling agile_modbus_tcp.c...
compiling master_mb_app.c...
compiling slave_mb_app.c...
compiling agile_modbus.c...
compiling qpid.c...
compiling AT_Device.c...
assembling context_rvds.S...
compiling user_cjson.c...
compiling cJSON_Utils.c...
compiling cmd.c...
compiling AT_Cmd.c...
compiling cpuport.c...
compiling msh.c...
compiling shell.c...
compiling clock.c...
Component/cJSON-v1.7.17/cJSON.c(114): warning: use of NaN via a macro is undefined behavior due to the currently enabled floating-point options [-Wnan-infinity-disabled]
  114 |         return (double) NAN;
      |                         ^
Component/cJSON-v1.7.17/cJSON.c(114): warning: use of NaN is undefined behavior due to the currently enabled floating-point options [-Wnan-infinity-disabled]
  114 |         return (double) NAN;
      |                         ^~~
D:\KEIL\CORE\ARM\ARMCLANG\bin\..\include\math.h(272): note: expanded from macro 'NAN'
  272 | #   define NAN __builtin_nanf("")
      |                ^~~~~~~~~~~~~~~~~~
2 warnings generated.
compiling cJSON.c...
compiling components.c...
compiling idle.c...
compiling ipc.c...
compiling mem.c...
compiling mempool.c...
compiling irq.c...
compiling kservice.c...
compiling object.c...
compiling scheduler.c...
compiling thread.c...
compiling finsh_port.c...
compiling timer.c...
compiling board.c...
linking...
Program Size: Code=36922 RO-data=5026 RW-data=464 ZI-data=17040  
FromELF: creating hex file...
".\Objects\control.axf" - 0 Error(s), 2 Warning(s).
Build Time Elapsed:  00:00:06
